sample.interval=20000
"[.data.frame" "[" "summaryRprof" 
"constantFoldCall" "constantFold" "cmp" "h" "tryInline" "cmpCall" "cmp" "cmpSymbolAssign" "h" "tryInline" "cmpCall" "cmp" "h" "tryInline" "cmpCall" "cmp" "genCode" "h" "tryInline" "cmpCall" "cmp" "cmpSymbolAssign" "h" "tryInline" "cmpCall" "cmp" "h" "tryInline" "cmpCall" "cmp" "genCode" "cmpfun" "doTryCatch" "tryCatchOne" "tryCatchList" "tryCatch" "compiler:::tryCmpfun" "<Anonymous>" "overridePrint" "print.data.frame" "print" 
"exists" "findCenvVar" "getInlineInfo" "tryInline" "cmpCall" "cmp" "cmpSymbolAssign" "h" "tryInline" "cmpCall" "cmp" "h" "tryInline" "cmpCall" "cmp" "genCode" "cmpfun" "doTryCatch" "tryCatchOne" "tryCatchList" "tryCatch" "compiler:::tryCmpfun" "<Anonymous>" "overridePrint" "print.data.frame" "print" 
"<Anonymous>" "overridePrint" "print.data.frame" "print" 
"grep" "<Anonymous>" 
"<Anonymous>" 
"ls" "FUN" "lapply" ".rs.objectsOnSearchPath" ".rs.getCompletionsSearchPath" "Reduce" "<Anonymous>" 
"readLines" "split_lines" "knitr::knit_params" "<Anonymous>" ".Call" ".rs.getKnitParamsForDocument" ".rs.injectKnitrParamsObject" "<Anonymous>" 
"ls" "FUN" "lapply" ".rs.objectsOnSearchPath" ".rs.getCompletionsSearchPath" "Reduce" "<Anonymous>" 
"$" "findCenvVar" "findLocVar" "cmpCall" "cmp" "genCode" "cb$putconst" "cmpCallArgs" "cmpCallSymFun" "cmpCall" "cmp" "cmpSymbolAssign" "h" "tryInline" "cmpCall" "cmp" "h" "tryInline" "cmpCall" "cmp" "h" "tryInline" "cmpCall" "cmp" "h" "tryInline" "cmpCall" "cmp" "h" "tryInline" "cmpCall" "cmp" "h" "tryInline" "cmpCall" "cmp" "genCode" "cmpfun" "doTryCatch" "tryCatchOne" "tryCatchList" "tryCatch" "compiler:::tryCmpfun" ".rs.getAnywhere" ".rs.getRChainCompletions" ".rs.appendCompletions" "<Anonymous>" 
"grepl" "<Anonymous>" 
"structure" "[.simple.list" "[" "paste" ".make_numeric_version" "R_system_version" "package_version" "getRversion" "doTryCatch" "tryCatchOne" "tryCatchList" "tryCatch" "base::try" 
"unique" "c.numeric_version" "c" "c" "is.numeric_version" ".encode_numeric_version" "split" "Ops.numeric_version" ">=" "yaml_load_utf8" "rmarkdown:::parse_yaml_front_matter" "doTryCatch" "tryCatchOne" "tryCatchList" "tryCatch" "<Anonymous>" 
"strsplit" "<Anonymous>" 
"sprintf" ".make_numeric_version" "numeric_version" "as.numeric_version" "Ops.numeric_version" ">=" "yaml_load_utf8" "parse_yaml_front_matter" "output_format_from_yaml_front_matter" "<Anonymous>" 
"trim_trailing_ws" "validate_front_matter" "rmarkdown:::parse_yaml_front_matter" "doTryCatch" "tryCatchOne" "tryCatchList" "tryCatch" "<Anonymous>" 
"length" "tryCatch" "base::try" 
"strsplit" "lapply" ".make_numeric_version" "R_system_version" "package_version" "getRversion" "doTryCatch" "tryCatchOne" "tryCatchList" "tryCatch" "base::try" 
"strsplit" "lapply" ".make_numeric_version" "package_version" "packageVersion" "yaml_load_utf8" "parse_yaml_front_matter" "output_format_from_yaml_front_matter" "<Anonymous>" 
"length" "FUN" "lapply" "<Anonymous>" 
"FUN" "lapply" "<Anonymous>" 
"grep" "partition_yaml_front_matter" "rmarkdown:::parse_yaml_front_matter" "doTryCatch" "tryCatchOne" "tryCatchList" "tryCatch" "<Anonymous>" 
"strsplit" "<Anonymous>" 
".make_numeric_version" "R_system_version" "package_version" "getRversion" "doTryCatch" "tryCatchOne" "tryCatchList" "tryCatch" "base::try" 
"sub" "trim_trailing_ws" "validate_front_matter" "parse_yaml_front_matter" "output_format_from_yaml_front_matter" "<Anonymous>" 
".Call" ".rs.listIndexedPackages" "basename" ".rs.getCompletionsPackages" "Reduce" "<Anonymous>" 
".rs.sortCompletions" "<Anonymous>" 
"cb$putlabel" "cmpSubsetDispatch" "h" "tryInline" "cmpCall" "cmp" "cmpSymbolAssign" "h" "tryInline" "cmpCall" "cmp" "h" "tryInline" "cmpCall" "cmp" "h" "tryInline" "cmpCall" "cmp" "h" "tryInline" "cmpCall" "cmp" "h" "tryInline" "cmpCall" "cmp" "h" "tryInline" "cmpCall" "cmp" "genCode" "cmpfun" "doTryCatch" "tryCatchOne" "tryCatchList" "tryCatch" "compiler:::tryCmpfun" "<Anonymous>" 
"strsplit" "<Anonymous>" 
"ls" "FUN" "lapply" ".rs.objectsOnSearchPath" ".rs.getCompletionsSearchPath" "Reduce" "<Anonymous>" 
"gsub" ".rs.fuzzyMatches" ".rs.getCompletionsSearchPath" "Reduce" "<Anonymous>" 
"gzfile" "readRDS" "FUN" "lapply" "find.package" "tools::getVignetteInfo" "vignette" 
"apply" "find.package" "tools::getVignetteInfo" "vignette" 
"file.exists" "find.package" "tools::getVignetteInfo" "vignette" 
"grepl" "<Anonymous>" 
".Call" "yaml::yaml.load" "yaml_load_utf8" "rmarkdown:::parse_yaml_front_matter" "doTryCatch" "tryCatchOne" "tryCatchList" "tryCatch" "<Anonymous>" 
"grepl" ".make_numeric_version" "numeric_version" "as.numeric_version" "Ops.numeric_version" ">=" "doTryCatch" "tryCatchOne" "tryCatchList" "tryCatch" "base::try" 
"readLines" "<Anonymous>" 
"lazyLoadDBfetch" 
